[debug] [2021-12-12T19:49:45.391Z] ----------------------------------------------------------------------
[debug] [2021-12-12T19:49:45.394Z] Command:       C:\Program Files\nodejs\node.exe C:\Users\TTC\AppData\Roaming\npm\node_modules\firebase-tools\lib\bin\firebase.js init
[debug] [2021-12-12T19:49:45.394Z] CLI Version:   9.23.1
[debug] [2021-12-12T19:49:45.395Z] Platform:      win32
[debug] [2021-12-12T19:49:45.395Z] Node Version:  v16.13.1
[debug] [2021-12-12T19:49:45.396Z] Time:          Mon Dec 13 2021 02:49:45 GMT+0700 (Indochina Time)
[debug] [2021-12-12T19:49:45.396Z] ----------------------------------------------------------------------
[debug] 
[debug] [2021-12-12T19:49:45.472Z] > command requires scopes: ["email","openid","https://www.googleapis.com/auth/cloudplatformprojects.readonly","https://www.googleapis.com/auth/firebase","https://www.googleapis.com/auth/cloud-platform"]
[debug] [2021-12-12T19:49:45.472Z] > authorizing via signed-in user (huynhthanhtam2605@gmail.com)
[info] 
     ######## #### ########  ######## ########     ###     ######  ########
     ##        ##  ##     ## ##       ##     ##  ##   ##  ##       ##
     ######    ##  ########  ######   ########  #########  ######  ######
     ##        ##  ##    ##  ##       ##     ## ##     ##       ## ##
     ##       #### ##     ## ######## ########  ##     ##  ######  ########

You're about to initialize a Firebase project in this directory:

  C:\Users\TTC

Before we get started, keep in mind:

  * You are initializing within an existing Firebase project directory

[info] 
=== Project Setup
[info] 
[info] First, let's associate this project directory with a Firebase project.
[info] You can create multiple project aliases by running firebase use --add, 
[info] but for now we'll just set up a default project.
[info] 
[debug] [2021-12-12T19:49:55.670Z] Using project from CLI flag: bita-booking-service
[debug] [2021-12-12T19:49:55.674Z] > refreshing access token with scopes: []
[debug] [2021-12-12T19:49:55.674Z] >>> HTTP REQUEST POST https://www.googleapis.com/oauth2/v3/token  
 <request body omitted>
[debug] [2021-12-12T19:49:55.899Z] <<< HTTP RESPONSE 200 {"pragma":"no-cache","expires":"Mon, 01 Jan 1990 00:00:00 GMT","cache-control":"no-cache, no-store, max-age=0, must-revalidate","date":"Sun, 12 Dec 2021 19:49:56 GMT","content-type":"application/json; charset=utf-8","vary":"X-Origin, Referer, Origin,Accept-Encoding","server":"scaffolding on HTTPServer2","x-xss-protection":"0","x-frame-options":"SAMEORIGIN","x-content-type-options":"nosniff","alt-svc":"h3=\":443\"; ma=2592000,h3-29=\":443\"; ma=2592000,h3-Q050=\":443\"; ma=2592000,h3-Q046=\":443\"; ma=2592000,h3-Q043=\":443\"; ma=2592000,quic=\":443\"; ma=2592000; v=\"46,43\"","accept-ranges":"none","transfer-encoding":"chunked"}
[debug] [2021-12-12T19:49:55.914Z] >>> [apiv2][query] GET https://firebase.googleapis.com/v1beta1/projects/bita-booking-service [none]
[debug] [2021-12-12T19:49:56.363Z] <<< [apiv2][status] GET https://firebase.googleapis.com/v1beta1/projects/bita-booking-service 200
[debug] [2021-12-12T19:49:56.363Z] <<< [apiv2][body] GET https://firebase.googleapis.com/v1beta1/projects/bita-booking-service {"projectId":"bita-booking-service","projectNumber":"862779216559","displayName":"BiTa-booking-service","name":"projects/bita-booking-service","resources":{"hostingSite":"bita-booking-service","storageBucket":"bita-booking-service.appspot.com","locationId":"asia-southeast1"},"state":"ACTIVE"}
[info] i  Using project bita-booking-service (BiTa-booking-service) 
[info] 
=== Hosting Setup
[info] 
[info] Your public directory is the folder (relative to your project directory) that
[info] will contain Hosting assets to be uploaded with firebase deploy. If you
[info] have a build process for your assets, use your build's output directory.
[info] 
